
*** Running vivado
    with args -log multiplier_conventional.vds -m64 -product Vivado -mode batch -messageDb vivado.pb -notrace -source multiplier_conventional.tcl


ECHO is off.
ECHO is off.

****** Vivado v2023.2 (64-bit)
  **** SW Build 4029153 on Fri Oct 13 20:14:34 MDT 2023
  **** IP Build 4028589 on Sat Oct 14 00:45:43 MDT 2023
  **** SharedData Build 4025554 on Tue Oct 10 17:18:54 MDT 2023
    ** Copyright 1986-2022 Xilinx, Inc. All Rights Reserved.
    ** Copyright 2022-2023 Advanced Micro Devices, Inc. All Rights Reserved.

source multiplier_conventional.tcl -notrace
create_project: Time (s): cpu = 00:00:05 ; elapsed = 00:00:05 . Memory (MB): peak = 471.531 ; gain = 181.602
Command: read_checkpoint -auto_incremental -incremental {D:/CAD PROJECT/multiplier_compressor_better/multiplier_compressor_better.srcs/utils_1/imports/synth_1/multiplier_compressor_better.dcp}
INFO: [Vivado 12-5825] Read reference checkpoint from D:/CAD PROJECT/multiplier_compressor_better/multiplier_compressor_better.srcs/utils_1/imports/synth_1/multiplier_compressor_better.dcp for incremental synthesis
INFO: [Vivado 12-7989] Please ensure there are no constraint changes
Command: synth_design -top multiplier_conventional -part xc7a35tcpg236-1
Starting synth_design
Attempting to get a license for feature 'Synthesis' and/or device 'xc7a35t'
INFO: [Common 17-349] Got license for feature 'Synthesis' and/or device 'xc7a35t'
INFO: [Device 21-403] Loading part xc7a35tcpg236-1
INFO: [Synth 8-7079] Multithreading enabled for synth_design using a maximum of 2 processes.
INFO: [Synth 8-7078] Launching helper process for spawning children vivado processes
INFO: [Synth 8-7075] Helper process launched with PID 12688
---------------------------------------------------------------------------------
Starting RTL Elaboration : Time (s): cpu = 00:00:05 ; elapsed = 00:00:07 . Memory (MB): peak = 1304.809 ; gain = 438.824
---------------------------------------------------------------------------------
INFO: [Synth 8-6157] synthesizing module 'multiplier_conventional' [D:/CAD PROJECT/multiplier_compressor_better/multiplier_compressor_better.srcs/sources_1/new/multiplier_compressor_better.sv:23]
INFO: [Synth 8-6157] synthesizing module 'Half_adder' [D:/CAD PROJECT/Half_adder/Half_adder.srcs/sources_1/new/Half_adder.sv:23]
INFO: [Synth 8-6155] done synthesizing module 'Half_adder' (0#1) [D:/CAD PROJECT/Half_adder/Half_adder.srcs/sources_1/new/Half_adder.sv:23]
INFO: [Synth 8-6157] synthesizing module 'exact_compressor' [D:/CAD PROJECT/exact_compressor/exact_compressor.srcs/sources_1/new/exact_compressor.sv:23]
INFO: [Synth 8-6155] done synthesizing module 'exact_compressor' (0#1) [D:/CAD PROJECT/exact_compressor/exact_compressor.srcs/sources_1/new/exact_compressor.sv:23]
INFO: [Synth 8-6157] synthesizing module 'Full_adder' [D:/CAD PROJECT/Full_adder/Full_adder.srcs/sources_1/new/Full_adder.sv:23]
INFO: [Synth 8-6155] done synthesizing module 'Full_adder' (0#1) [D:/CAD PROJECT/Full_adder/Full_adder.srcs/sources_1/new/Full_adder.sv:23]
INFO: [Synth 8-6157] synthesizing module 'ripple_16' [D:/CAD PROJECT/ripple_16/ripple_16.srcs/sources_1/new/ripple_16.sv:23]
INFO: [Synth 8-6157] synthesizing module 'Prefix_adder4bit' [D:/CAD PROJECT/Prefix_adder4bit/Prefix_adder4bit.srcs/sources_1/new/Prefix_adder4bit.sv:23]
INFO: [Synth 8-6157] synthesizing module 'gen_prop' [D:/CAD PROJECT/Prefix_adder4bit/Prefix_adder4bit.srcs/sources_1/new/gen_prop.sv:23]
INFO: [Synth 8-6155] done synthesizing module 'gen_prop' (0#1) [D:/CAD PROJECT/Prefix_adder4bit/Prefix_adder4bit.srcs/sources_1/new/gen_prop.sv:23]
INFO: [Synth 8-6157] synthesizing module 'GP_block' [D:/CAD PROJECT/Prefix_adder4bit/Prefix_adder4bit.srcs/sources_1/new/GP_block.sv:23]
INFO: [Synth 8-6155] done synthesizing module 'GP_block' (0#1) [D:/CAD PROJECT/Prefix_adder4bit/Prefix_adder4bit.srcs/sources_1/new/GP_block.sv:23]
INFO: [Synth 8-6157] synthesizing module 'sum_prefix' [D:/CAD PROJECT/Prefix_adder4bit/Prefix_adder4bit.srcs/sources_1/new/sum_prefix.sv:23]
INFO: [Synth 8-6155] done synthesizing module 'sum_prefix' (0#1) [D:/CAD PROJECT/Prefix_adder4bit/Prefix_adder4bit.srcs/sources_1/new/sum_prefix.sv:23]
INFO: [Synth 8-6155] done synthesizing module 'Prefix_adder4bit' (0#1) [D:/CAD PROJECT/Prefix_adder4bit/Prefix_adder4bit.srcs/sources_1/new/Prefix_adder4bit.sv:23]
INFO: [Synth 8-6155] done synthesizing module 'ripple_16' (0#1) [D:/CAD PROJECT/ripple_16/ripple_16.srcs/sources_1/new/ripple_16.sv:23]
INFO: [Synth 8-6155] done synthesizing module 'multiplier_conventional' (0#1) [D:/CAD PROJECT/multiplier_compressor_better/multiplier_compressor_better.srcs/sources_1/new/multiplier_compressor_better.sv:23]
---------------------------------------------------------------------------------
Finished RTL Elaboration : Time (s): cpu = 00:00:06 ; elapsed = 00:00:09 . Memory (MB): peak = 1412.863 ; gain = 546.879
---------------------------------------------------------------------------------
---------------------------------------------------------------------------------
Start Handling Custom Attributes
---------------------------------------------------------------------------------
---------------------------------------------------------------------------------
Finished Handling Custom Attributes : Time (s): cpu = 00:00:06 ; elapsed = 00:00:09 . Memory (MB): peak = 1412.863 ; gain = 546.879
---------------------------------------------------------------------------------
---------------------------------------------------------------------------------
Finished RTL Optimization Phase 1 : Time (s): cpu = 00:00:06 ; elapsed = 00:00:09 . Memory (MB): peak = 1412.863 ; gain = 546.879
---------------------------------------------------------------------------------
Netlist sorting complete. Time (s): cpu = 00:00:00 ; elapsed = 00:00:00.001 . Memory (MB): peak = 1412.863 ; gain = 0.000
INFO: [Project 1-570] Preparing netlist for logic optimization

Processing XDC Constraints
Initializing timing engine
Parsing XDC File [D:/CAD PROJECT/multiplier_compressor_better/multiplier_compressor_better.srcs/constrs_1/new/test.xdc]
INFO: [Constraints 18-483] create_clock: no pin(s)/port(s)/net(s) specified as objects, only virtual clock 'clk' will be created. If you don't want this, please specify pin(s)/ports(s)/net(s) as objects to the command. [D:/CAD PROJECT/multiplier_compressor_better/multiplier_compressor_better.srcs/constrs_1/new/test.xdc:1]
Finished Parsing XDC File [D:/CAD PROJECT/multiplier_compressor_better/multiplier_compressor_better.srcs/constrs_1/new/test.xdc]
Completed Processing XDC Constraints

Netlist sorting complete. Time (s): cpu = 00:00:00 ; elapsed = 00:00:00 . Memory (MB): peak = 1511.789 ; gain = 0.000
INFO: [Project 1-111] Unisim Transformation Summary:
No Unisim elements were transformed.

The system cannot find the path specified.
Constraint Validation Runtime : Time (s): cpu = 00:00:00 ; elapsed = 00:00:00.005 . Memory (MB): peak = 1511.789 ; gain = 0.000
---------------------------------------------------------------------------------
Finished Constraint Validation : Time (s): cpu = 00:00:11 ; elapsed = 00:00:14 . Memory (MB): peak = 1511.789 ; gain = 645.805
---------------------------------------------------------------------------------
---------------------------------------------------------------------------------
Start Loading Part and Timing Information
---------------------------------------------------------------------------------
Loading part: xc7a35tcpg236-1
---------------------------------------------------------------------------------
Finished Loading Part and Timing Information : Time (s): cpu = 00:00:11 ; elapsed = 00:00:14 . Memory (MB): peak = 1511.789 ; gain = 645.805
---------------------------------------------------------------------------------
---------------------------------------------------------------------------------
Start Applying 'set_property' XDC Constraints
---------------------------------------------------------------------------------
---------------------------------------------------------------------------------
Finished applying 'set_property' XDC Constraints : Time (s): cpu = 00:00:11 ; elapsed = 00:00:14 . Memory (MB): peak = 1511.789 ; gain = 645.805
---------------------------------------------------------------------------------
---------------------------------------------------------------------------------
Start Preparing Guide Design
---------------------------------------------------------------------------------
CRITICAL WARNING: [Synth 8-6895] The reference checkpoint D:/CAD PROJECT/multiplier_compressor_better/multiplier_compressor_better.srcs/utils_1/imports/synth_1/multiplier_compressor_better.dcp is not suitable for use with incremental synthesis for this design. Please regenerate the checkpoint for this design with -incremental_synth switch in the same Vivado session that synth_design has been run. Synthesis will continue with the default flow
---------------------------------------------------------------------------------
Finished Doing Graph Differ : Time (s): cpu = 00:00:11 ; elapsed = 00:00:14 . Memory (MB): peak = 1511.789 ; gain = 645.805
---------------------------------------------------------------------------------
---------------------------------------------------------------------------------
Finished Preparing Guide Design : Time (s): cpu = 00:00:11 ; elapsed = 00:00:14 . Memory (MB): peak = 1511.789 ; gain = 645.805
---------------------------------------------------------------------------------
---------------------------------------------------------------------------------
Finished RTL Optimization Phase 2 : Time (s): cpu = 00:00:12 ; elapsed = 00:00:15 . Memory (MB): peak = 1511.789 ; gain = 645.805
---------------------------------------------------------------------------------


Incremental Synthesis Report Summary:

1. Incremental synthesis run: no

   Reason for not running incremental synthesis : 


INFO: [Synth 8-7130] Flow is switching to default flow due to incremental criteria not met. If you would like to alter this behaviour and have the flow terminate instead, please set the following parameter config_implementation {autoIncr.Synth.RejectBehavior Terminate}
---------------------------------------------------------------------------------
Start RTL Component Statistics 
---------------------------------------------------------------------------------
Detailed RTL Component Info : 
+---XORs : 
	   2 Input      1 Bit         XORs := 58    
	   3 Input      1 Bit         XORs := 30    
---------------------------------------------------------------------------------
Finished RTL Component Statistics 
---------------------------------------------------------------------------------
---------------------------------------------------------------------------------
Start Part Resource Summary
---------------------------------------------------------------------------------
Part Resources:
DSPs: 90 (col length:60)
BRAMs: 100 (col length: RAMB18 60 RAMB36 30)
---------------------------------------------------------------------------------
Finished Part Resource Summary
---------------------------------------------------------------------------------
---------------------------------------------------------------------------------
Start Cross Boundary and Area Optimization
---------------------------------------------------------------------------------
WARNING: [Synth 8-7080] Parallel synthesis criteria is not met
---------------------------------------------------------------------------------
Finished Cross Boundary and Area Optimization : Time (s): cpu = 00:00:15 ; elapsed = 00:00:18 . Memory (MB): peak = 1511.789 ; gain = 645.805
---------------------------------------------------------------------------------
---------------------------------------------------------------------------------
Start Applying XDC Timing Constraints
---------------------------------------------------------------------------------
---------------------------------------------------------------------------------
Finished Applying XDC Timing Constraints : Time (s): cpu = 00:00:18 ; elapsed = 00:00:22 . Memory (MB): peak = 1511.789 ; gain = 645.805
---------------------------------------------------------------------------------
---------------------------------------------------------------------------------
Start Timing Optimization
---------------------------------------------------------------------------------
---------------------------------------------------------------------------------
Finished Timing Optimization : Time (s): cpu = 00:00:18 ; elapsed = 00:00:22 . Memory (MB): peak = 1511.789 ; gain = 645.805
---------------------------------------------------------------------------------
---------------------------------------------------------------------------------
Start Technology Mapping
---------------------------------------------------------------------------------
---------------------------------------------------------------------------------
Finished Technology Mapping : Time (s): cpu = 00:00:18 ; elapsed = 00:00:22 . Memory (MB): peak = 1511.789 ; gain = 645.805
---------------------------------------------------------------------------------
---------------------------------------------------------------------------------
Start IO Insertion
---------------------------------------------------------------------------------
---------------------------------------------------------------------------------
Start Flattening Before IO Insertion
---------------------------------------------------------------------------------
---------------------------------------------------------------------------------
Finished Flattening Before IO Insertion
---------------------------------------------------------------------------------
---------------------------------------------------------------------------------
Start Final Netlist Cleanup
---------------------------------------------------------------------------------
---------------------------------------------------------------------------------
Finished Final Netlist Cleanup
---------------------------------------------------------------------------------
---------------------------------------------------------------------------------
Finished IO Insertion : Time (s): cpu = 00:00:21 ; elapsed = 00:00:25 . Memory (MB): peak = 1511.789 ; gain = 645.805
---------------------------------------------------------------------------------
---------------------------------------------------------------------------------
Start Renaming Generated Instances
---------------------------------------------------------------------------------
---------------------------------------------------------------------------------
Finished Renaming Generated Instances : Time (s): cpu = 00:00:21 ; elapsed = 00:00:25 . Memory (MB): peak = 1511.789 ; gain = 645.805
---------------------------------------------------------------------------------
---------------------------------------------------------------------------------
Start Rebuilding User Hierarchy
---------------------------------------------------------------------------------
---------------------------------------------------------------------------------
Finished Rebuilding User Hierarchy : Time (s): cpu = 00:00:21 ; elapsed = 00:00:25 . Memory (MB): peak = 1511.789 ; gain = 645.805
---------------------------------------------------------------------------------
---------------------------------------------------------------------------------
Start Renaming Generated Ports
---------------------------------------------------------------------------------
---------------------------------------------------------------------------------
Finished Renaming Generated Ports : Time (s): cpu = 00:00:21 ; elapsed = 00:00:25 . Memory (MB): peak = 1511.789 ; gain = 645.805
---------------------------------------------------------------------------------
---------------------------------------------------------------------------------
Start Handling Custom Attributes
---------------------------------------------------------------------------------
---------------------------------------------------------------------------------
Finished Handling Custom Attributes : Time (s): cpu = 00:00:21 ; elapsed = 00:00:25 . Memory (MB): peak = 1511.789 ; gain = 645.805
---------------------------------------------------------------------------------
---------------------------------------------------------------------------------
Start Renaming Generated Nets
---------------------------------------------------------------------------------
---------------------------------------------------------------------------------
Finished Renaming Generated Nets : Time (s): cpu = 00:00:21 ; elapsed = 00:00:25 . Memory (MB): peak = 1511.789 ; gain = 645.805
---------------------------------------------------------------------------------
---------------------------------------------------------------------------------
Start Writing Synthesis Report
---------------------------------------------------------------------------------

Report BlackBoxes: 
+-+--------------+----------+
| |BlackBox name |Instances |
+-+--------------+----------+
+-+--------------+----------+

Report Cell Usage: 
+------+-----+------+
|      |Cell |Count |
+------+-----+------+
|1     |LUT2 |     7|
|2     |LUT3 |     9|
|3     |LUT4 |    11|
|4     |LUT5 |    28|
|5     |LUT6 |    63|
|6     |IBUF |    16|
|7     |OBUF |    17|
+------+-----+------+
---------------------------------------------------------------------------------
Finished Writing Synthesis Report : Time (s): cpu = 00:00:21 ; elapsed = 00:00:25 . Memory (MB): peak = 1511.789 ; gain = 645.805
---------------------------------------------------------------------------------
Synthesis finished with 0 errors, 1 critical warnings and 1 warnings.
Synthesis Optimization Runtime : Time (s): cpu = 00:00:14 ; elapsed = 00:00:23 . Memory (MB): peak = 1511.789 ; gain = 546.879
Synthesis Optimization Complete : Time (s): cpu = 00:00:21 ; elapsed = 00:00:25 . Memory (MB): peak = 1511.789 ; gain = 645.805
INFO: [Project 1-571] Translating synthesized netlist
Netlist sorting complete. Time (s): cpu = 00:00:00 ; elapsed = 00:00:00.001 . Memory (MB): peak = 1511.789 ; gain = 0.000
INFO: [Project 1-570] Preparing netlist for logic optimization
INFO: [Opt 31-138] Pushed 0 inverter(s) to 0 load pin(s).
Netlist sorting complete. Time (s): cpu = 00:00:00 ; elapsed = 00:00:00 . Memory (MB): peak = 1511.789 ; gain = 0.000
INFO: [Project 1-111] Unisim Transformation Summary:
No Unisim elements were transformed.

The system cannot find the path specified.
Synth Design complete | Checksum: 7fd45458
INFO: [Common 17-83] Releasing license: Synthesis
34 Infos, 1 Warnings, 1 Critical Warnings and 0 Errors encountered.
synth_design completed successfully
synth_design: Time (s): cpu = 00:00:26 ; elapsed = 00:00:30 . Memory (MB): peak = 1511.789 ; gain = 1036.285
INFO: [runtcl-6] Synthesis results are not added to the cache due to CRITICAL_WARNING
Write ShapeDB Complete: Time (s): cpu = 00:00:00 ; elapsed = 00:00:00.001 . Memory (MB): peak = 1511.789 ; gain = 0.000
INFO: [Common 17-1381] The checkpoint 'D:/CAD PROJECT/multiplier_compressor_better/multiplier_compressor_better.runs/synth_1/multiplier_conventional.dcp' has been generated.
INFO: [runtcl-4] Executing : report_utilization -file multiplier_conventional_utilization_synth.rpt -pb multiplier_conventional_utilization_synth.pb
INFO: [Common 17-206] Exiting Vivado at Sun Apr 28 16:42:05 2024...
