INFO: [VRFC 10-2263] Analyzing SystemVerilog file "D:/CAD PROJECT/Full_adder/Full_adder.srcs/sources_1/new/Full_adder.sv" into library xil_defaultlib
INFO: [VRFC 10-311] analyzing module Full_adder
INFO: [VRFC 10-2263] Analyzing SystemVerilog file "D:/CAD PROJECT/Prefix_adder4bit/Prefix_adder4bit.srcs/sources_1/new/GP_block.sv" into library xil_defaultlib
INFO: [VRFC 10-311] analyzing module GP_block
INFO: [VRFC 10-2263] Analyzing SystemVerilog file "D:/CAD PROJECT/Half_adder/Half_adder.srcs/sources_1/new/Half_adder.sv" into library xil_defaultlib
INFO: [VRFC 10-311] analyzing module Half_adder
INFO: [VRFC 10-2263] Analyzing SystemVerilog file "D:/CAD PROJECT/Prefix_adder4bit/Prefix_adder4bit.srcs/sources_1/new/Prefix_adder4bit.sv" into library xil_defaultlib
INFO: [VRFC 10-311] analyzing module Prefix_adder4bit
INFO: [VRFC 10-2263] Analyzing SystemVerilog file "D:/CAD PROJECT/exact_compressor/exact_compressor.srcs/sources_1/new/exact_compressor.sv" into library xil_defaultlib
INFO: [VRFC 10-311] analyzing module exact_compressor
INFO: [VRFC 10-2263] Analyzing SystemVerilog file "D:/CAD PROJECT/Prefix_adder4bit/Prefix_adder4bit.srcs/sources_1/new/gen_prop.sv" into library xil_defaultlib
INFO: [VRFC 10-311] analyzing module gen_prop
INFO: [VRFC 10-2263] Analyzing SystemVerilog file "D:/CAD PROJECT/multiplier_compressor_better/multiplier_compressor_better.srcs/sources_1/new/multiplier_compressor_better.sv" into library xil_defaultlib
INFO: [VRFC 10-311] analyzing module multiplier_compressor_better
INFO: [VRFC 10-2263] Analyzing SystemVerilog file "D:/CAD PROJECT/ripple_16/ripple_16.srcs/sources_1/new/ripple_16.sv" into library xil_defaultlib
INFO: [VRFC 10-311] analyzing module ripple_16
INFO: [VRFC 10-2263] Analyzing SystemVerilog file "D:/CAD PROJECT/Prefix_adder4bit/Prefix_adder4bit.srcs/sources_1/new/sum_prefix.sv" into library xil_defaultlib
INFO: [VRFC 10-311] analyzing module sum_prefix
INFO: [VRFC 10-2263] Analyzing SystemVerilog file "D:/CAD PROJECT/multiplier_compressor_better/multiplier_compressor_better.srcs/sim_1/new/multiplier_compressor_better_tb.sv" into library xil_defaultlib
INFO: [VRFC 10-311] analyzing module multiplier_compressor_better_tb
