
*** Running vivado
    with args -log multiplier_conventional.vdi -applog -m64 -product Vivado -messageDb vivado.pb -mode batch -source multiplier_conventional.tcl -notrace


ECHO is off.
ECHO is off.

****** Vivado v2023.2 (64-bit)
  **** SW Build 4029153 on Fri Oct 13 20:14:34 MDT 2023
  **** IP Build 4028589 on Sat Oct 14 00:45:43 MDT 2023
  **** SharedData Build 4025554 on Tue Oct 10 17:18:54 MDT 2023
    ** Copyright 1986-2022 Xilinx, Inc. All Rights Reserved.
    ** Copyright 2022-2023 Advanced Micro Devices, Inc. All Rights Reserved.

source multiplier_conventional.tcl -notrace
create_project: Time (s): cpu = 00:00:04 ; elapsed = 00:00:05 . Memory (MB): peak = 472.012 ; gain = 184.395
Command: link_design -top multiplier_conventional -part xc7a35tcpg236-1
Design is defaulting to srcset: sources_1
Design is defaulting to constrset: constrs_1
INFO: [Device 21-403] Loading part xc7a35tcpg236-1
Netlist sorting complete. Time (s): cpu = 00:00:00 ; elapsed = 00:00:00.001 . Memory (MB): peak = 866.633 ; gain = 0.000
INFO: [Project 1-479] Netlist was created with Vivado 2023.2
INFO: [Project 1-570] Preparing netlist for logic optimization
Parsing XDC File [D:/CAD PROJECT/multiplier_compressor_better/multiplier_compressor_better.srcs/constrs_1/new/test.xdc]
INFO: [Constraints 18-483] create_clock: no pin(s)/port(s)/net(s) specified as objects, only virtual clock 'clk' will be created. If you don't want this, please specify pin(s)/ports(s)/net(s) as objects to the command. [D:/CAD PROJECT/multiplier_compressor_better/multiplier_compressor_better.srcs/constrs_1/new/test.xdc:1]
Finished Parsing XDC File [D:/CAD PROJECT/multiplier_compressor_better/multiplier_compressor_better.srcs/constrs_1/new/test.xdc]
INFO: [Opt 31-138] Pushed 0 inverter(s) to 0 load pin(s).
Netlist sorting complete. Time (s): cpu = 00:00:00 ; elapsed = 00:00:00 . Memory (MB): peak = 997.398 ; gain = 0.000
INFO: [Project 1-111] Unisim Transformation Summary:
No Unisim elements were transformed.

The system cannot find the path specified.
6 Infos, 0 Warnings, 0 Critical Warnings and 0 Errors encountered.
link_design completed successfully
Command: opt_design
Attempting to get a license for feature 'Implementation' and/or device 'xc7a35t'
INFO: [Common 17-349] Got license for feature 'Implementation' and/or device 'xc7a35t'
Running DRC as a precondition to command opt_design

Starting DRC Task
INFO: [DRC 23-27] Running DRC with 2 threads
INFO: [Project 1-461] DRC finished with 0 Errors
INFO: [Project 1-462] Please refer to the DRC report (report_drc) for more information.

Time (s): cpu = 00:00:00 ; elapsed = 00:00:00.597 . Memory (MB): peak = 1020.395 ; gain = 18.969

Starting Cache Timing Information Task
INFO: [Constraints 18-483] create_clock: no pin(s)/port(s)/net(s) specified as objects, only virtual clock 'clk' will be created. If you don't want this, please specify pin(s)/ports(s)/net(s) as objects to the command. [D:/CAD PROJECT/multiplier_compressor_better/multiplier_compressor_better.srcs/constrs_1/new/test.xdc:1]
INFO: [Timing 38-35] Done setting XDC timing constraints.
Ending Cache Timing Information Task | Checksum: 10230699b

Time (s): cpu = 00:00:05 ; elapsed = 00:00:05 . Memory (MB): peak = 1569.727 ; gain = 549.332

Starting Logic Optimization Task

Phase 1 Initialization

Phase 1.1 Core Generation And Design Setup
Phase 1.1 Core Generation And Design Setup | Checksum: 10230699b

Time (s): cpu = 00:00:00 ; elapsed = 00:00:00.001 . Memory (MB): peak = 1935.602 ; gain = 0.000

Phase 1.2 Setup Constraints And Sort Netlist
Phase 1.2 Setup Constraints And Sort Netlist | Checksum: 10230699b

Time (s): cpu = 00:00:00 ; elapsed = 00:00:00.002 . Memory (MB): peak = 1935.602 ; gain = 0.000
Phase 1 Initialization | Checksum: 10230699b

Time (s): cpu = 00:00:00 ; elapsed = 00:00:00.002 . Memory (MB): peak = 1935.602 ; gain = 0.000

Phase 2 Timer Update And Timing Data Collection

Phase 2.1 Timer Update
Phase 2.1 Timer Update | Checksum: 10230699b

Time (s): cpu = 00:00:00 ; elapsed = 00:00:00.008 . Memory (MB): peak = 1935.602 ; gain = 0.000

Phase 2.2 Timing Data Collection
Phase 2.2 Timing Data Collection | Checksum: 10230699b

Time (s): cpu = 00:00:00 ; elapsed = 00:00:00.011 . Memory (MB): peak = 1935.602 ; gain = 0.000
Phase 2 Timer Update And Timing Data Collection | Checksum: 10230699b

Time (s): cpu = 00:00:00 ; elapsed = 00:00:00.011 . Memory (MB): peak = 1935.602 ; gain = 0.000

Phase 3 Retarget
INFO: [Opt 31-138] Pushed 0 inverter(s) to 0 load pin(s).
INFO: [Opt 31-49] Retargeted 0 cell(s).
Phase 3 Retarget | Checksum: 10230699b

Time (s): cpu = 00:00:00 ; elapsed = 00:00:00.019 . Memory (MB): peak = 1935.602 ; gain = 0.000
Retarget | Checksum: 10230699b
INFO: [Opt 31-389] Phase Retarget created 0 cells and removed 0 cells

Phase 4 Constant propagation
INFO: [Opt 31-138] Pushed 0 inverter(s) to 0 load pin(s).
Phase 4 Constant propagation | Checksum: 10230699b

Time (s): cpu = 00:00:00 ; elapsed = 00:00:00.020 . Memory (MB): peak = 1935.602 ; gain = 0.000
Constant propagation | Checksum: 10230699b
INFO: [Opt 31-389] Phase Constant propagation created 0 cells and removed 0 cells

Phase 5 Sweep
Phase 5 Sweep | Checksum: 10230699b

Time (s): cpu = 00:00:00 ; elapsed = 00:00:00.023 . Memory (MB): peak = 1935.602 ; gain = 0.000
Sweep | Checksum: 10230699b
INFO: [Opt 31-389] Phase Sweep created 0 cells and removed 0 cells

Phase 6 BUFG optimization
Phase 6 BUFG optimization | Checksum: 10230699b

Time (s): cpu = 00:00:00 ; elapsed = 00:00:00.045 . Memory (MB): peak = 1935.602 ; gain = 0.000
BUFG optimization | Checksum: 10230699b
INFO: [Opt 31-662] Phase BUFG optimization created 0 cells of which 0 are BUFGs and removed 0 cells.

Phase 7 Shift Register Optimization
INFO: [Opt 31-1064] SRL Remap converted 0 SRLs to 0 registers and converted 0 registers of register chains to 0 SRLs
Phase 7 Shift Register Optimization | Checksum: 10230699b

Time (s): cpu = 00:00:00 ; elapsed = 00:00:00.046 . Memory (MB): peak = 1935.602 ; gain = 0.000
Shift Register Optimization | Checksum: 10230699b
INFO: [Opt 31-389] Phase Shift Register Optimization created 0 cells and removed 0 cells

Phase 8 Post Processing Netlist
Phase 8 Post Processing Netlist | Checksum: 10230699b

Time (s): cpu = 00:00:00 ; elapsed = 00:00:00.048 . Memory (MB): peak = 1935.602 ; gain = 0.000
Post Processing Netlist | Checksum: 10230699b
INFO: [Opt 31-389] Phase Post Processing Netlist created 0 cells and removed 0 cells

Phase 9 Finalization

Phase 9.1 Finalizing Design Cores and Updating Shapes
Phase 9.1 Finalizing Design Cores and Updating Shapes | Checksum: 10230699b

Time (s): cpu = 00:00:00 ; elapsed = 00:00:00.049 . Memory (MB): peak = 1935.602 ; gain = 0.000

Phase 9.2 Verifying Netlist Connectivity

Starting Connectivity Check Task

Time (s): cpu = 00:00:00 ; elapsed = 00:00:00.001 . Memory (MB): peak = 1935.602 ; gain = 0.000
Phase 9.2 Verifying Netlist Connectivity | Checksum: 10230699b

Time (s): cpu = 00:00:00 ; elapsed = 00:00:00.050 . Memory (MB): peak = 1935.602 ; gain = 0.000
Phase 9 Finalization | Checksum: 10230699b

Time (s): cpu = 00:00:00 ; elapsed = 00:00:00.050 . Memory (MB): peak = 1935.602 ; gain = 0.000
Opt_design Change Summary
=========================


-------------------------------------------------------------------------------------------------------------------------
|  Phase                        |  #Cells created  |  #Cells Removed  |  #Constrained objects preventing optimizations  |
-------------------------------------------------------------------------------------------------------------------------
|  Retarget                     |               0  |               0  |                                              0  |
|  Constant propagation         |               0  |               0  |                                              0  |
|  Sweep                        |               0  |               0  |                                              0  |
|  BUFG optimization            |               0  |               0  |                                              0  |
|  Shift Register Optimization  |               0  |               0  |                                              0  |
|  Post Processing Netlist      |               0  |               0  |                                              0  |
-------------------------------------------------------------------------------------------------------------------------


Ending Logic Optimization Task | Checksum: 10230699b

Time (s): cpu = 00:00:00 ; elapsed = 00:00:00.050 . Memory (MB): peak = 1935.602 ; gain = 0.000
INFO: [Constraints 18-11670] Building netlist checker database with flags, 0x8
Done building netlist checker database: Time (s): cpu = 00:00:00 ; elapsed = 00:00:00 . Memory (MB): peak = 1935.602 ; gain = 0.000

Starting Power Optimization Task
INFO: [Pwropt 34-132] Skipping clock gating for clocks with a period < 2.00 ns.
Ending Power Optimization Task | Checksum: 10230699b

Time (s): cpu = 00:00:00 ; elapsed = 00:00:00.008 . Memory (MB): peak = 1935.602 ; gain = 0.000

Starting Final Cleanup Task
Ending Final Cleanup Task | Checksum: 10230699b

Time (s): cpu = 00:00:00 ; elapsed = 00:00:00.001 . Memory (MB): peak = 1935.602 ; gain = 0.000

Starting Netlist Obfuscation Task
Netlist sorting complete. Time (s): cpu = 00:00:00 ; elapsed = 00:00:00 . Memory (MB): peak = 1935.602 ; gain = 0.000
Ending Netlist Obfuscation Task | Checksum: 10230699b

Time (s): cpu = 00:00:00 ; elapsed = 00:00:00 . Memory (MB): peak = 1935.602 ; gain = 0.000
INFO: [Common 17-83] Releasing license: Implementation
25 Infos, 0 Warnings, 0 Critical Warnings and 0 Errors encountered.
opt_design completed successfully
opt_design: Time (s): cpu = 00:00:07 ; elapsed = 00:00:08 . Memory (MB): peak = 1935.602 ; gain = 934.176
INFO: [runtcl-4] Executing : report_drc -file multiplier_conventional_drc_opted.rpt -pb multiplier_conventional_drc_opted.pb -rpx multiplier_conventional_drc_opted.rpx
Command: report_drc -file multiplier_conventional_drc_opted.rpt -pb multiplier_conventional_drc_opted.pb -rpx multiplier_conventional_drc_opted.rpx
INFO: [IP_Flow 19-234] Refreshing IP repositories
INFO: [IP_Flow 19-1704] No user IP repositories specified
INFO: [IP_Flow 19-2313] Loaded Vivado IP repository 'C:/Xilinx/Vivado/2023.2/data/ip'.
INFO: [DRC 23-27] Running DRC with 2 threads
INFO: [Vivado_Tcl 2-168] The results of DRC are in file D:/CAD PROJECT/multiplier_compressor_better/multiplier_compressor_better.runs/impl_1/multiplier_conventional_drc_opted.rpt.
report_drc completed successfully
INFO: [Timing 38-480] Writing timing data to binary archive.
Write ShapeDB Complete: Time (s): cpu = 00:00:00 ; elapsed = 00:00:00.001 . Memory (MB): peak = 1935.602 ; gain = 0.000
INFO: [Common 17-1381] The checkpoint 'D:/CAD PROJECT/multiplier_compressor_better/multiplier_compressor_better.runs/impl_1/multiplier_conventional_opt.dcp' has been generated.
Command: place_design
Attempting to get a license for feature 'Implementation' and/or device 'xc7a35t'
INFO: [Common 17-349] Got license for feature 'Implementation' and/or device 'xc7a35t'
INFO: [Common 17-83] Releasing license: Implementation
INFO: [DRC 23-27] Running DRC with 2 threads
INFO: [Vivado_Tcl 4-198] DRC finished with 0 Errors
INFO: [Vivado_Tcl 4-199] Please refer to the DRC report (report_drc) for more information.
Running DRC as a precondition to command place_design
INFO: [DRC 23-27] Running DRC with 2 threads
INFO: [Vivado_Tcl 4-198] DRC finished with 0 Errors
INFO: [Vivado_Tcl 4-199] Please refer to the DRC report (report_drc) for more information.
INFO: [Place 30-611] Multithreading enabled for place_design using a maximum of 2 CPUs

Starting Placer Task

Phase 1 Placer Initialization

Phase 1.1 Placer Initialization Netlist Sorting
Netlist sorting complete. Time (s): cpu = 00:00:00 ; elapsed = 00:00:00 . Memory (MB): peak = 1935.602 ; gain = 0.000
Phase 1.1 Placer Initialization Netlist Sorting | Checksum: 825c1543

Time (s): cpu = 00:00:00 ; elapsed = 00:00:00.005 . Memory (MB): peak = 1935.602 ; gain = 0.000
Netlist sorting complete. Time (s): cpu = 00:00:00 ; elapsed = 00:00:00 . Memory (MB): peak = 1935.602 ; gain = 0.000

Phase 1.2 IO Placement/ Clock Placement/ Build Placer Device
INFO: [Constraints 18-483] create_clock: no pin(s)/port(s)/net(s) specified as objects, only virtual clock 'clk' will be created. If you don't want this, please specify pin(s)/ports(s)/net(s) as objects to the command. [D:/CAD PROJECT/multiplier_compressor_better/multiplier_compressor_better.srcs/constrs_1/new/test.xdc:1]
INFO: [Timing 38-35] Done setting XDC timing constraints.
Phase 1.2 IO Placement/ Clock Placement/ Build Placer Device | Checksum: b9c2e95f

Time (s): cpu = 00:00:00 ; elapsed = 00:00:00.096 . Memory (MB): peak = 1935.602 ; gain = 0.000

Phase 1.3 Build Placer Netlist Model
Phase 1.3 Build Placer Netlist Model | Checksum: 126719d66

Time (s): cpu = 00:00:00 ; elapsed = 00:00:00.133 . Memory (MB): peak = 1935.602 ; gain = 0.000

Phase 1.4 Constrain Clocks/Macros
Phase 1.4 Constrain Clocks/Macros | Checksum: 126719d66

Time (s): cpu = 00:00:00 ; elapsed = 00:00:00.136 . Memory (MB): peak = 1935.602 ; gain = 0.000
Phase 1 Placer Initialization | Checksum: 126719d66

Time (s): cpu = 00:00:00 ; elapsed = 00:00:00.139 . Memory (MB): peak = 1935.602 ; gain = 0.000

Phase 2 Global Placement

Phase 2.1 Floorplanning
Phase 2.1 Floorplanning | Checksum: 126719d66

Time (s): cpu = 00:00:00 ; elapsed = 00:00:00.147 . Memory (MB): peak = 1935.602 ; gain = 0.000

Phase 2.2 Update Timing before SLR Path Opt
Phase 2.2 Update Timing before SLR Path Opt | Checksum: 126719d66

Time (s): cpu = 00:00:00 ; elapsed = 00:00:00.147 . Memory (MB): peak = 1935.602 ; gain = 0.000

Phase 2.3 Post-Processing in Floorplanning
Phase 2.3 Post-Processing in Floorplanning | Checksum: 126719d66

Time (s): cpu = 00:00:00 ; elapsed = 00:00:00.147 . Memory (MB): peak = 1935.602 ; gain = 0.000

Phase 2.4 Global Placement Core
WARNING: [Place 46-29] Timing had been disabled during Placer and, therefore, physical synthesis in Placer will be skipped.
Phase 2.4 Global Placement Core | Checksum: 156308172

Time (s): cpu = 00:00:01 ; elapsed = 00:00:00.567 . Memory (MB): peak = 1935.602 ; gain = 0.000
Phase 2 Global Placement | Checksum: 156308172

Time (s): cpu = 00:00:01 ; elapsed = 00:00:00.570 . Memory (MB): peak = 1935.602 ; gain = 0.000

Phase 3 Detail Placement

Phase 3.1 Commit Multi Column Macros
Phase 3.1 Commit Multi Column Macros | Checksum: 156308172

Time (s): cpu = 00:00:01 ; elapsed = 00:00:00.574 . Memory (MB): peak = 1935.602 ; gain = 0.000

Phase 3.2 Commit Most Macros & LUTRAMs
Phase 3.2 Commit Most Macros & LUTRAMs | Checksum: 1894fbb9f

Time (s): cpu = 00:00:01 ; elapsed = 00:00:00.577 . Memory (MB): peak = 1935.602 ; gain = 0.000

Phase 3.3 Area Swap Optimization
Phase 3.3 Area Swap Optimization | Checksum: 12b060488

Time (s): cpu = 00:00:01 ; elapsed = 00:00:00.583 . Memory (MB): peak = 1935.602 ; gain = 0.000

Phase 3.4 Pipeline Register Optimization
Phase 3.4 Pipeline Register Optimization | Checksum: 12b060488

Time (s): cpu = 00:00:01 ; elapsed = 00:00:00.584 . Memory (MB): peak = 1935.602 ; gain = 0.000

Phase 3.5 Small Shape Detail Placement
Phase 3.5 Small Shape Detail Placement | Checksum: e958fe31

Time (s): cpu = 00:00:01 ; elapsed = 00:00:00.664 . Memory (MB): peak = 1935.602 ; gain = 0.000

Phase 3.6 Re-assign LUT pins
Phase 3.6 Re-assign LUT pins | Checksum: e958fe31

Time (s): cpu = 00:00:01 ; elapsed = 00:00:00.669 . Memory (MB): peak = 1935.602 ; gain = 0.000

Phase 3.7 Pipeline Register Optimization
Phase 3.7 Pipeline Register Optimization | Checksum: e958fe31

Time (s): cpu = 00:00:01 ; elapsed = 00:00:00.669 . Memory (MB): peak = 1935.602 ; gain = 0.000
Phase 3 Detail Placement | Checksum: e958fe31

Time (s): cpu = 00:00:01 ; elapsed = 00:00:00.670 . Memory (MB): peak = 1935.602 ; gain = 0.000

Phase 4 Post Placement Optimization and Clean-Up

Phase 4.1 Post Commit Optimization
Phase 4.1 Post Commit Optimization | Checksum: e958fe31

Time (s): cpu = 00:00:01 ; elapsed = 00:00:00.690 . Memory (MB): peak = 1935.602 ; gain = 0.000

Phase 4.2 Post Placement Cleanup
Phase 4.2 Post Placement Cleanup | Checksum: e958fe31

Time (s): cpu = 00:00:01 ; elapsed = 00:00:00.693 . Memory (MB): peak = 1935.602 ; gain = 0.000

Phase 4.3 Placer Reporting

Phase 4.3.1 Print Estimated Congestion
INFO: [Place 30-612] Post-Placement Estimated Congestion 
 ____________________________________________________
|           | Global Congestion | Short Congestion  |
| Direction | Region Size       | Region Size       |
|___________|___________________|___________________|
|      North|                1x1|                1x1|
|___________|___________________|___________________|
|      South|                1x1|                1x1|
|___________|___________________|___________________|
|       East|                1x1|                1x1|
|___________|___________________|___________________|
|       West|                1x1|                1x1|
|___________|___________________|___________________|

Phase 4.3.1 Print Estimated Congestion | Checksum: e958fe31

Time (s): cpu = 00:00:01 ; elapsed = 00:00:00.694 . Memory (MB): peak = 1935.602 ; gain = 0.000
Phase 4.3 Placer Reporting | Checksum: e958fe31

Time (s): cpu = 00:00:01 ; elapsed = 00:00:00.694 . Memory (MB): peak = 1935.602 ; gain = 0.000

Phase 4.4 Final Placement Cleanup
Netlist sorting complete. Time (s): cpu = 00:00:00 ; elapsed = 00:00:00.001 . Memory (MB): peak = 1935.602 ; gain = 0.000

Time (s): cpu = 00:00:01 ; elapsed = 00:00:00.695 . Memory (MB): peak = 1935.602 ; gain = 0.000
Phase 4 Post Placement Optimization and Clean-Up | Checksum: e958fe31

Time (s): cpu = 00:00:01 ; elapsed = 00:00:00.695 . Memory (MB): peak = 1935.602 ; gain = 0.000
Ending Placer Task | Checksum: 9a442ee8

Time (s): cpu = 00:00:01 ; elapsed = 00:00:00.695 . Memory (MB): peak = 1935.602 ; gain = 0.000
45 Infos, 1 Warnings, 0 Critical Warnings and 0 Errors encountered.
place_design completed successfully
INFO: [runtcl-4] Executing : report_io -file multiplier_conventional_io_placed.rpt
report_io: Time (s): cpu = 00:00:00 ; elapsed = 00:00:00.030 . Memory (MB): peak = 1935.602 ; gain = 0.000
INFO: [runtcl-4] Executing : report_utilization -file multiplier_conventional_utilization_placed.rpt -pb multiplier_conventional_utilization_placed.pb
INFO: [runtcl-4] Executing : report_control_sets -verbose -file multiplier_conventional_control_sets_placed.rpt
report_control_sets: Time (s): cpu = 00:00:00 ; elapsed = 00:00:00.001 . Memory (MB): peak = 1935.602 ; gain = 0.000
INFO: [Timing 38-480] Writing timing data to binary archive.
Write ShapeDB Complete: Time (s): cpu = 00:00:00 ; elapsed = 00:00:00 . Memory (MB): peak = 1935.602 ; gain = 0.000
Wrote PlaceDB: Time (s): cpu = 00:00:00 ; elapsed = 00:00:00.006 . Memory (MB): peak = 1935.602 ; gain = 0.000
Wrote PulsedLatchDB: Time (s): cpu = 00:00:00 ; elapsed = 00:00:00 . Memory (MB): peak = 1935.602 ; gain = 0.000
Writing XDEF routing.
Writing XDEF routing logical nets.
Writing XDEF routing special nets.
Wrote RouteStorage: Time (s): cpu = 00:00:00 ; elapsed = 00:00:00.012 . Memory (MB): peak = 1935.602 ; gain = 0.000
Wrote Netlist Cache: Time (s): cpu = 00:00:00 ; elapsed = 00:00:00.001 . Memory (MB): peak = 1935.602 ; gain = 0.000
Wrote Device Cache: Time (s): cpu = 00:00:00 ; elapsed = 00:00:00.003 . Memory (MB): peak = 1935.602 ; gain = 0.000
Write Physdb Complete: Time (s): cpu = 00:00:00 ; elapsed = 00:00:00.023 . Memory (MB): peak = 1935.602 ; gain = 0.000
INFO: [Common 17-1381] The checkpoint 'D:/CAD PROJECT/multiplier_compressor_better/multiplier_compressor_better.runs/impl_1/multiplier_conventional_placed.dcp' has been generated.
Command: phys_opt_design
Attempting to get a license for feature 'Implementation' and/or device 'xc7a35t'
INFO: [Common 17-349] Got license for feature 'Implementation' and/or device 'xc7a35t'

Starting Initial Update Timing Task

Time (s): cpu = 00:00:00 ; elapsed = 00:00:00.011 . Memory (MB): peak = 1935.602 ; gain = 0.000
INFO: [Vivado_Tcl 4-235] No timing constraint found. The netlist was not modified.
INFO: [Common 17-83] Releasing license: Implementation
53 Infos, 1 Warnings, 0 Critical Warnings and 0 Errors encountered.
phys_opt_design completed successfully
INFO: [Timing 38-480] Writing timing data to binary archive.
Write ShapeDB Complete: Time (s): cpu = 00:00:00 ; elapsed = 00:00:00 . Memory (MB): peak = 1949.191 ; gain = 0.012
Wrote PlaceDB: Time (s): cpu = 00:00:00 ; elapsed = 00:00:00.006 . Memory (MB): peak = 1949.191 ; gain = 0.012
Wrote PulsedLatchDB: Time (s): cpu = 00:00:00 ; elapsed = 00:00:00 . Memory (MB): peak = 1949.191 ; gain = 0.000
Writing XDEF routing.
Writing XDEF routing logical nets.
Writing XDEF routing special nets.
Wrote RouteStorage: Time (s): cpu = 00:00:00 ; elapsed = 00:00:00.012 . Memory (MB): peak = 1949.191 ; gain = 0.000
Wrote Netlist Cache: Time (s): cpu = 00:00:00 ; elapsed = 00:00:00 . Memory (MB): peak = 1949.191 ; gain = 0.000
Wrote Device Cache: Time (s): cpu = 00:00:00 ; elapsed = 00:00:00.003 . Memory (MB): peak = 1949.191 ; gain = 0.000
Write Physdb Complete: Time (s): cpu = 00:00:00 ; elapsed = 00:00:00.023 . Memory (MB): peak = 1949.191 ; gain = 0.012
INFO: [Common 17-1381] The checkpoint 'D:/CAD PROJECT/multiplier_compressor_better/multiplier_compressor_better.runs/impl_1/multiplier_conventional_physopt.dcp' has been generated.
Command: route_design
Attempting to get a license for feature 'Implementation' and/or device 'xc7a35t'
INFO: [Common 17-349] Got license for feature 'Implementation' and/or device 'xc7a35t'
Running DRC as a precondition to command route_design
INFO: [DRC 23-27] Running DRC with 2 threads
INFO: [Vivado_Tcl 4-198] DRC finished with 0 Errors
INFO: [Vivado_Tcl 4-199] Please refer to the DRC report (report_drc) for more information.


Starting Routing Task
INFO: [Route 35-254] Multithreading enabled for route_design using a maximum of 8 CPUs

Phase 1 Build RT Design
Checksum: PlaceDB: 17e819a5 ConstDB: 0 ShapeSum: 825c1543 RouteDB: 0
Post Restoration Checksum: NetGraph: 79ca3067 | NumContArr: fb45c693 | Constraints: c2a8fa9d | Timing: c2a8fa9d
Phase 1 Build RT Design | Checksum: 2fa61ec34

Time (s): cpu = 00:00:13 ; elapsed = 00:00:13 . Memory (MB): peak = 2052.418 ; gain = 93.094

Phase 2 Router Initialization

Phase 2.1 Fix Topology Constraints
Phase 2.1 Fix Topology Constraints | Checksum: 2fa61ec34

Time (s): cpu = 00:00:13 ; elapsed = 00:00:13 . Memory (MB): peak = 2052.418 ; gain = 93.094

Phase 2.2 Pre Route Cleanup
Phase 2.2 Pre Route Cleanup | Checksum: 2fa61ec34

Time (s): cpu = 00:00:13 ; elapsed = 00:00:13 . Memory (MB): peak = 2052.418 ; gain = 93.094
 Number of Nodes with overlaps = 0

Phase 2.3 Update Timing
Phase 2.3 Update Timing | Checksum: 2d5ad428d

Time (s): cpu = 00:00:14 ; elapsed = 00:00:13 . Memory (MB): peak = 2092.156 ; gain = 132.832

Router Utilization Summary
  Global Vertical Routing Utilization    = 0 %
  Global Horizontal Routing Utilization  = 0 %
  Routable Net Status*
  *Does not include unroutable nets such as driverless and loadless.
  Run report_route_status for detailed report.
  Number of Failed Nets               = 134
    (Failed Nets is the sum of unrouted and partially routed nets)
  Number of Unrouted Nets             = 134
  Number of Partially Routed Nets     = 0
  Number of Node Overlaps             = 0

Phase 2 Router Initialization | Checksum: 2d5ad428d

Time (s): cpu = 00:00:14 ; elapsed = 00:00:13 . Memory (MB): peak = 2096.395 ; gain = 137.070

Phase 3 Initial Routing

Phase 3.1 Global Routing
Phase 3.1 Global Routing | Checksum: 2d5ad428d

Time (s): cpu = 00:00:14 ; elapsed = 00:00:13 . Memory (MB): peak = 2096.395 ; gain = 137.070

Phase 3.2 Initial Net Routing
Phase 3.2 Initial Net Routing | Checksum: 2f44f920d

Time (s): cpu = 00:00:14 ; elapsed = 00:00:13 . Memory (MB): peak = 2096.395 ; gain = 137.070
Phase 3 Initial Routing | Checksum: 2f44f920d

Time (s): cpu = 00:00:14 ; elapsed = 00:00:13 . Memory (MB): peak = 2096.395 ; gain = 137.070

Phase 4 Rip-up And Reroute

Phase 4.1 Global Iteration 0
 Number of Nodes with overlaps = 10
 Number of Nodes with overlaps = 0
Phase 4.1 Global Iteration 0 | Checksum: 204d0bc08

Time (s): cpu = 00:00:14 ; elapsed = 00:00:13 . Memory (MB): peak = 2096.395 ; gain = 137.070
Phase 4 Rip-up And Reroute | Checksum: 204d0bc08

Time (s): cpu = 00:00:14 ; elapsed = 00:00:13 . Memory (MB): peak = 2096.395 ; gain = 137.070

Phase 5 Delay and Skew Optimization

Phase 5.1 Delay CleanUp
Phase 5.1 Delay CleanUp | Checksum: 204d0bc08

Time (s): cpu = 00:00:14 ; elapsed = 00:00:13 . Memory (MB): peak = 2096.395 ; gain = 137.070

Phase 5.2 Clock Skew Optimization
Phase 5.2 Clock Skew Optimization | Checksum: 204d0bc08

Time (s): cpu = 00:00:14 ; elapsed = 00:00:13 . Memory (MB): peak = 2096.395 ; gain = 137.070
Phase 5 Delay and Skew Optimization | Checksum: 204d0bc08

Time (s): cpu = 00:00:14 ; elapsed = 00:00:13 . Memory (MB): peak = 2096.395 ; gain = 137.070

Phase 6 Post Hold Fix

Phase 6.1 Hold Fix Iter

Phase 6.1.1 Update Timing
Phase 6.1.1 Update Timing | Checksum: 204d0bc08

Time (s): cpu = 00:00:14 ; elapsed = 00:00:13 . Memory (MB): peak = 2096.395 ; gain = 137.070
Phase 6.1 Hold Fix Iter | Checksum: 204d0bc08

Time (s): cpu = 00:00:14 ; elapsed = 00:00:13 . Memory (MB): peak = 2096.395 ; gain = 137.070
Phase 6 Post Hold Fix | Checksum: 204d0bc08

Time (s): cpu = 00:00:14 ; elapsed = 00:00:13 . Memory (MB): peak = 2096.395 ; gain = 137.070

Phase 7 Route finalize

Router Utilization Summary
  Global Vertical Routing Utilization    = 0.0346807 %
  Global Horizontal Routing Utilization  = 0.0304529 %
  Routable Net Status*
  *Does not include unroutable nets such as driverless and loadless.
  Run report_route_status for detailed report.
  Number of Failed Nets               = 0
    (Failed Nets is the sum of unrouted and partially routed nets)
  Number of Unrouted Nets             = 0
  Number of Partially Routed Nets     = 0
  Number of Node Overlaps             = 0

Phase 7 Route finalize | Checksum: 204d0bc08

Time (s): cpu = 00:00:14 ; elapsed = 00:00:13 . Memory (MB): peak = 2096.395 ; gain = 137.070

Phase 8 Verifying routed nets

 Verification completed successfully
Phase 8 Verifying routed nets | Checksum: 204d0bc08

Time (s): cpu = 00:00:14 ; elapsed = 00:00:13 . Memory (MB): peak = 2096.395 ; gain = 137.070

Phase 9 Depositing Routes
Phase 9 Depositing Routes | Checksum: 20eb29c36

Time (s): cpu = 00:00:14 ; elapsed = 00:00:13 . Memory (MB): peak = 2096.395 ; gain = 137.070

Phase 10 Post Router Timing
Phase 10 Post Router Timing | Checksum: 20eb29c36

Time (s): cpu = 00:00:14 ; elapsed = 00:00:13 . Memory (MB): peak = 2096.395 ; gain = 137.070
INFO: [Route 35-16] Router Completed Successfully

Phase 11 Post-Route Event Processing
Phase 11 Post-Route Event Processing | Checksum: 216737c69

Time (s): cpu = 00:00:14 ; elapsed = 00:00:13 . Memory (MB): peak = 2096.395 ; gain = 137.070
Ending Routing Task | Checksum: 216737c69

Time (s): cpu = 00:00:14 ; elapsed = 00:00:13 . Memory (MB): peak = 2096.395 ; gain = 137.070

Routing Is Done.
INFO: [Common 17-83] Releasing license: Implementation
62 Infos, 1 Warnings, 0 Critical Warnings and 0 Errors encountered.
route_design completed successfully
route_design: Time (s): cpu = 00:00:15 ; elapsed = 00:00:14 . Memory (MB): peak = 2096.395 ; gain = 147.203
INFO: [runtcl-4] Executing : report_drc -file multiplier_conventional_drc_routed.rpt -pb multiplier_conventional_drc_routed.pb -rpx multiplier_conventional_drc_routed.rpx
Command: report_drc -file multiplier_conventional_drc_routed.rpt -pb multiplier_conventional_drc_routed.pb -rpx multiplier_conventional_drc_routed.rpx
INFO: [IP_Flow 19-1839] IP Catalog is up to date.
INFO: [DRC 23-27] Running DRC with 2 threads
INFO: [Vivado_Tcl 2-168] The results of DRC are in file D:/CAD PROJECT/multiplier_compressor_better/multiplier_compressor_better.runs/impl_1/multiplier_conventional_drc_routed.rpt.
report_drc completed successfully
INFO: [runtcl-4] Executing : report_methodology -file multiplier_conventional_methodology_drc_routed.rpt -pb multiplier_conventional_methodology_drc_routed.pb -rpx multiplier_conventional_methodology_drc_routed.rpx
Command: report_methodology -file multiplier_conventional_methodology_drc_routed.rpt -pb multiplier_conventional_methodology_drc_routed.pb -rpx multiplier_conventional_methodology_drc_routed.rpx
INFO: [Constraints 18-483] create_clock: no pin(s)/port(s)/net(s) specified as objects, only virtual clock 'clk' will be created. If you don't want this, please specify pin(s)/ports(s)/net(s) as objects to the command. [D:/CAD PROJECT/multiplier_compressor_better/multiplier_compressor_better.srcs/constrs_1/new/test.xdc:1]
INFO: [Timing 38-35] Done setting XDC timing constraints.
INFO: [DRC 23-133] Running Methodology with 2 threads
INFO: [Vivado_Tcl 2-1520] The results of Report Methodology are in file D:/CAD PROJECT/multiplier_compressor_better/multiplier_compressor_better.runs/impl_1/multiplier_conventional_methodology_drc_routed.rpt.
report_methodology completed successfully
INFO: [runtcl-4] Executing : report_power -file multiplier_conventional_power_routed.rpt -pb multiplier_conventional_power_summary_routed.pb -rpx multiplier_conventional_power_routed.rpx
Command: report_power -file multiplier_conventional_power_routed.rpt -pb multiplier_conventional_power_summary_routed.pb -rpx multiplier_conventional_power_routed.rpx
INFO: [Constraints 18-483] create_clock: no pin(s)/port(s)/net(s) specified as objects, only virtual clock 'clk' will be created. If you don't want this, please specify pin(s)/ports(s)/net(s) as objects to the command. [D:/CAD PROJECT/multiplier_compressor_better/multiplier_compressor_better.srcs/constrs_1/new/test.xdc:1]
INFO: [Timing 38-35] Done setting XDC timing constraints.
Running Vector-less Activity Propagation...

Finished Running Vector-less Activity Propagation
74 Infos, 1 Warnings, 0 Critical Warnings and 0 Errors encountered.
report_power completed successfully
INFO: [runtcl-4] Executing : report_route_status -file multiplier_conventional_route_status.rpt -pb multiplier_conventional_route_status.pb
INFO: [runtcl-4] Executing : report_timing_summary -max_paths 10 -report_unconstrained -file multiplier_conventional_timing_summary_routed.rpt -pb multiplier_conventional_timing_summary_routed.pb -rpx multiplier_conventional_timing_summary_routed.rpx -warn_on_violation 
INFO: [Timing 38-91] UpdateTimingParams: Speed grade: -1, Delay Type: min_max.
INFO: [Timing 38-191] Multithreading enabled for timing update using a maximum of 2 CPUs
INFO: [runtcl-4] Executing : report_incremental_reuse -file multiplier_conventional_incremental_reuse_routed.rpt
INFO: [Vivado_Tcl 4-1062] Incremental flow is disabled. No incremental reuse Info to report.
INFO: [runtcl-4] Executing : report_clock_utilization -file multiplier_conventional_clock_utilization_routed.rpt
INFO: [runtcl-4] Executing : report_bus_skew -warn_on_violation -file multiplier_conventional_bus_skew_routed.rpt -pb multiplier_conventional_bus_skew_routed.pb -rpx multiplier_conventional_bus_skew_routed.rpx
INFO: [Timing 38-91] UpdateTimingParams: Speed grade: -1, Delay Type: min_max.
INFO: [Timing 38-191] Multithreading enabled for timing update using a maximum of 2 CPUs
INFO: [Timing 38-480] Writing timing data to binary archive.
Write ShapeDB Complete: Time (s): cpu = 00:00:00 ; elapsed = 00:00:00 . Memory (MB): peak = 2097.105 ; gain = 0.031
Wrote PlaceDB: Time (s): cpu = 00:00:00 ; elapsed = 00:00:00.005 . Memory (MB): peak = 2097.105 ; gain = 0.031
Wrote PulsedLatchDB: Time (s): cpu = 00:00:00 ; elapsed = 00:00:00 . Memory (MB): peak = 2097.105 ; gain = 0.000
Writing XDEF routing.
Writing XDEF routing logical nets.
Writing XDEF routing special nets.
Wrote RouteStorage: Time (s): cpu = 00:00:00 ; elapsed = 00:00:00.012 . Memory (MB): peak = 2097.105 ; gain = 0.000
Wrote Netlist Cache: Time (s): cpu = 00:00:00 ; elapsed = 00:00:00 . Memory (MB): peak = 2097.105 ; gain = 0.000
Wrote Device Cache: Time (s): cpu = 00:00:00 ; elapsed = 00:00:00.003 . Memory (MB): peak = 2097.105 ; gain = 0.000
Write Physdb Complete: Time (s): cpu = 00:00:00 ; elapsed = 00:00:00.023 . Memory (MB): peak = 2097.105 ; gain = 0.031
INFO: [Common 17-1381] The checkpoint 'D:/CAD PROJECT/multiplier_compressor_better/multiplier_compressor_better.runs/impl_1/multiplier_conventional_routed.dcp' has been generated.
INFO: [Common 17-206] Exiting Vivado at Sun Apr 28 16:42:49 2024...
